[0m17:39:25.647102 [debug] [MainThread]: Sending event: {'category': 'dbt', 'action': 'invocation', 'label': 'start', 'context': [<snowplow_tracker.self_describing_json.SelfDescribingJson object at 0x10974e0d0>, <snowplow_tracker.self_describing_json.SelfDescribingJson object at 0x1097cac50>, <snowplow_tracker.self_describing_json.SelfDescribingJson object at 0x1097cb310>]}


============================== 17:39:25.650185 | e0cbdb20-f7ab-42e2-84e5-5d3b13740153 ==============================
[0m17:39:25.650185 [info ] [MainThread]: Running with dbt=1.10.17
[0m17:39:25.650513 [debug] [MainThread]: running dbt with arguments {'quiet': 'False', 'partial_parse': 'True', 'warn_error_options': 'WarnErrorOptionsV2(error=[], warn=[], silence=[])', 'empty': 'None', 'log_path': 'logs', 'version_check': 'True', 'static_parser': 'True', 'log_format': 'default', 'cache_selected_only': 'False', 'introspect': 'True', 'indirect_selection': 'eager', 'invocation_command': 'dbt init', 'fail_fast': 'False', 'log_cache_events': 'False', 'write_json': 'True', 'use_colors': 'True', 'send_anonymous_usage_stats': 'True', 'debug': 'False', 'target_path': 'None', 'warn_error': 'None', 'printer_width': '80', 'no_print': 'None', 'profiles_dir': '/Users/dheeraj/.dbt', 'use_experimental_parser': 'False'}
[0m17:40:15.407532 [debug] [MainThread]: Starter project path: /Users/dheeraj/Desktop/DBT Tutorial/.venv/lib/python3.11/site-packages/dbt/include/starter_project
[0m17:40:15.421633 [info ] [MainThread]: 
Your new dbt project "dbt_tut" was created!

For more information on how to configure the profiles.yml file,
please consult the dbt documentation here:

  https://docs.getdbt.com/docs/configure-your-profile

One more thing:

Need help? Don't hesitate to reach out to us via GitHub issues or on Slack:

  https://community.getdbt.com/

Happy modeling!

[0m17:40:15.422384 [info ] [MainThread]: Setting up your profile.
[0m17:40:46.300394 [debug] [MainThread]: Spark adapter: Setting pyhive.hive logging to ERROR
[0m17:40:46.301192 [debug] [MainThread]: Spark adapter: Setting thrift.transport logging to ERROR
[0m17:40:46.301380 [debug] [MainThread]: Spark adapter: Setting thrift.protocol logging to ERROR
[0m17:51:31.846598 [info ] [MainThread]: Profile dbt_tut written to /Users/dheeraj/.dbt/profiles.yml using target's profile_template.yml and your supplied values. Run 'dbt debug' to validate the connection.
[0m17:51:32.266382 [debug] [MainThread]: Resource report: {"command_name": "init", "command_success": true, "command_wall_clock_time": 726.6604, "process_in_blocks": "0", "process_kernel_time": 0.321318, "process_mem_max_rss": "207405056", "process_out_blocks": "0", "process_user_time": 1.368104}
[0m17:51:32.270950 [debug] [MainThread]: Command `dbt init` succeeded at 17:51:32.270753 after 726.67 seconds
[0m17:51:32.271845 [debug] [MainThread]: Sending event: {'category': 'dbt', 'action': 'invocation', 'label': 'end', 'context': [<snowplow_tracker.self_describing_json.SelfDescribingJson object at 0x1097a8390>, <snowplow_tracker.self_describing_json.SelfDescribingJson object at 0x1094e1e50>, <snowplow_tracker.self_describing_json.SelfDescribingJson object at 0x11dda4dd0>]}
[0m17:51:32.272628 [debug] [MainThread]: Flushing usage events
[0m17:51:32.854267 [debug] [MainThread]: An error was encountered while trying to flush usage events
[0m17:52:03.009920 [debug] [MainThread]: Sending event: {'category': 'dbt', 'action': 'invocation', 'label': 'start', 'context': [<snowplow_tracker.self_describing_json.SelfDescribingJson object at 0x111094390>, <snowplow_tracker.self_describing_json.SelfDescribingJson object at 0x1110f5510>, <snowplow_tracker.self_describing_json.SelfDescribingJson object at 0x1110f6790>]}


============================== 17:52:03.012790 | c832edd4-0a5a-4b10-bb45-359cfc7e7ec5 ==============================
[0m17:52:03.012790 [info ] [MainThread]: Running with dbt=1.10.17
[0m17:52:03.013130 [debug] [MainThread]: running dbt with arguments {'static_parser': 'True', 'cache_selected_only': 'False', 'write_json': 'True', 'debug': 'False', 'profiles_dir': '/Users/dheeraj/.dbt', 'quiet': 'False', 'use_colors': 'True', 'no_print': 'None', 'use_experimental_parser': 'False', 'empty': 'None', 'introspect': 'True', 'log_path': 'logs', 'log_format': 'default', 'send_anonymous_usage_stats': 'True', 'warn_error': 'None', 'version_check': 'True', 'fail_fast': 'False', 'warn_error_options': 'WarnErrorOptionsV2(error=[], warn=[], silence=[])', 'target_path': 'None', 'partial_parse': 'True', 'log_cache_events': 'False', 'printer_width': '80', 'invocation_command': 'dbt debug', 'indirect_selection': 'eager'}
[0m17:52:03.023779 [info ] [MainThread]: dbt version: 1.10.17
[0m17:52:03.024016 [info ] [MainThread]: python version: 3.11.14
[0m17:52:03.024185 [info ] [MainThread]: python path: /Users/dheeraj/Desktop/DBT Tutorial/.venv/bin/python3
[0m17:52:03.024334 [info ] [MainThread]: os info: macOS-15.5-arm64-arm-64bit
[0m17:52:03.472718 [debug] [MainThread]: Spark adapter: Setting pyhive.hive logging to ERROR
[0m17:52:03.472981 [debug] [MainThread]: Spark adapter: Setting thrift.transport logging to ERROR
[0m17:52:03.473137 [debug] [MainThread]: Spark adapter: Setting thrift.protocol logging to ERROR
[0m17:52:05.609143 [info ] [MainThread]: Error importing adapter: No module named 'dbt.adapters.postgres'
[0m17:52:05.609492 [info ] [MainThread]: Using profiles dir at /Users/dheeraj/.dbt
[0m17:52:05.609674 [info ] [MainThread]: Using profiles.yml file at /Users/dheeraj/.dbt/profiles.yml
[0m17:52:05.609817 [info ] [MainThread]: Using dbt_project.yml file at /Users/dheeraj/Desktop/DBT Tutorial/dbt_project.yml
[0m17:52:05.609962 [info ] [MainThread]: Configuration:
[0m17:52:05.610095 [info ] [MainThread]:   profiles.yml file [[31mERROR invalid[0m]
[0m17:52:05.610226 [info ] [MainThread]:   dbt_project.yml file [[31mERROR not found[0m]
[0m17:52:05.610354 [info ] [MainThread]: Required dependencies:
[0m17:52:05.610517 [debug] [MainThread]: Executing "git --help"
[0m17:52:05.619202 [debug] [MainThread]: STDOUT: "b"usage: git [-v | --version] [-h | --help] [-C <path>] [-c <name>=<value>]\n           [--exec-path[=<path>]] [--html-path] [--man-path] [--info-path]\n           [-p | --paginate | -P | --no-pager] [--no-replace-objects] [--no-lazy-fetch]\n           [--no-optional-locks] [--no-advice] [--bare] [--git-dir=<path>]\n           [--work-tree=<path>] [--namespace=<name>] [--config-env=<name>=<envvar>]\n           <command> [<args>]\n\nThese are common Git commands used in various situations:\n\nstart a working area (see also: git help tutorial)\n   clone     Clone a repository into a new directory\n   init      Create an empty Git repository or reinitialize an existing one\n\nwork on the current change (see also: git help everyday)\n   add       Add file contents to the index\n   mv        Move or rename a file, a directory, or a symlink\n   restore   Restore working tree files\n   rm        Remove files from the working tree and from the index\n\nexamine the history and state (see also: git help revisions)\n   bisect    Use binary search to find the commit that introduced a bug\n   diff      Show changes between commits, commit and working tree, etc\n   grep      Print lines matching a pattern\n   log       Show commit logs\n   show      Show various types of objects\n   status    Show the working tree status\n\ngrow, mark and tweak your common history\n   branch    List, create, or delete branches\n   commit    Record changes to the repository\n   merge     Join two or more development histories together\n   rebase    Reapply commits on top of another base tip\n   reset     Reset current HEAD to the specified state\n   switch    Switch branches\n   tag       Create, list, delete or verify a tag object signed with GPG\n\ncollaborate (see also: git help workflows)\n   fetch     Download objects and refs from another repository\n   pull      Fetch from and integrate with another repository or a local branch\n   push      Update remote refs along with associated objects\n\n'git help -a' and 'git help -g' list available subcommands and some\nconcept guides. See 'git help <command>' or 'git help <concept>'\nto read about a specific subcommand or concept.\nSee 'git help git' for an overview of the system.\n""
[0m17:52:05.619777 [debug] [MainThread]: STDERR: "b''"
[0m17:52:05.620000 [info ] [MainThread]:  - git [[32mOK found[0m]

[0m17:52:05.620189 [info ] [MainThread]: Connection test skipped since no profile was found
[0m17:52:05.620499 [info ] [MainThread]: [31m2 checks failed:[0m
[0m17:52:05.620646 [info ] [MainThread]: Could not load dbt_project.yml
Profile loading failed for the following reason:
Runtime Error
  Credentials in profile "my_project", target "dev" invalid: Runtime Error
    Could not find adapter type postgres!


[0m17:52:05.620799 [info ] [MainThread]: Project loading failed for the following reason:
 project path </Users/dheeraj/Desktop/DBT Tutorial/dbt_project.yml> not found

[0m17:52:05.623585 [debug] [MainThread]: Resource report: {"command_name": "debug", "command_success": false, "command_wall_clock_time": 2.6532805, "process_in_blocks": "0", "process_kernel_time": 0.250239, "process_mem_max_rss": "214384640", "process_out_blocks": "0", "process_user_time": 1.435572}
[0m17:52:05.624356 [debug] [MainThread]: Command `dbt debug` failed at 17:52:05.624275 after 2.65 seconds
[0m17:52:05.624671 [debug] [MainThread]: Sending event: {'category': 'dbt', 'action': 'invocation', 'label': 'end', 'context': [<snowplow_tracker.self_describing_json.SelfDescribingJson object at 0x1145f83d0>, <snowplow_tracker.self_describing_json.SelfDescribingJson object at 0x12358bd90>, <snowplow_tracker.self_describing_json.SelfDescribingJson object at 0x1031fa490>]}
[0m17:52:05.624942 [debug] [MainThread]: Flushing usage events
[0m17:52:06.050094 [debug] [MainThread]: An error was encountered while trying to flush usage events
